TN:
SF:src/services/blogs.js
FN:6,(anonymous_0)
FN:10,(anonymous_1)
FN:12,(anonymous_2)
FN:15,(anonymous_3)
FN:23,(anonymous_4)
FN:31,(anonymous_5)
FNF:6
FNH:0
FNDA:0,(anonymous_0)
FNDA:0,(anonymous_1)
FNDA:0,(anonymous_2)
FNDA:0,(anonymous_3)
FNDA:0,(anonymous_4)
FNDA:0,(anonymous_5)
DA:2,0
DA:4,0
DA:6,0
DA:7,0
DA:10,0
DA:11,0
DA:12,0
DA:15,0
DA:16,0
DA:19,0
DA:20,0
DA:23,0
DA:24,0
DA:27,0
DA:28,0
DA:31,0
DA:32,0
DA:35,0
DA:36,0
LF:19
LH:0
BRF:0
BRH:0
end_of_record
TN:
SF:src/services/login.js
FN:4,(anonymous_0)
FNF:1
FNH:0
FNDA:0,(anonymous_0)
DA:2,0
DA:4,0
DA:5,0
DA:6,0
LF:4
LH:0
BRF:0
BRH:0
end_of_record
